created virtual environment CPython3.11.5.final.0-64 in 893ms
  creator CPython3Posix(dest=/localscratch/btcrchum.8423704.0/env, clear=False, no_vcs_ignore=False, global=False)
  seeder FromAppData(download=False, pip=bundle, setuptools=bundle, wheel=bundle, via=copy, app_data_dir=/home/btcrchum/.local/share/virtualenv)
    added seed packages: pip==25.2, setuptools==80.9.0+computecanada, wheel==0.45.1+computecanada
  activators BashActivator,CShellActivator,FishActivator,NushellActivator,PowerShellActivator,PythonActivator
Lmod Warning:
-------------------------------------------------------------------------------
The following dependent module(s) are not currently loaded: sqlite/3.43.1
(required by: python/3.11.5)
-------------------------------------------------------------------------------




The following have been reloaded with a version change:
  1) sqlite/3.43.1 => sqlite/3.38.5

Looking in links: /cvmfs/soft.computecanada.ca/custom/python/wheelhouse/gentoo2020/avx512, /cvmfs/soft.computecanada.ca/custom/python/wheelhouse/gentoo/avx512, /cvmfs/soft.computecanada.ca/custom/python/wheelhouse/gentoo2020/avx2, /cvmfs/soft.computecanada.ca/custom/python/wheelhouse/gentoo/avx2, /cvmfs/soft.computecanada.ca/custom/python/wheelhouse/gentoo2020/generic, /cvmfs/soft.computecanada.ca/custom/python/wheelhouse/gentoo/generic, /cvmfs/soft.computecanada.ca/custom/python/wheelhouse/generic
Requirement already satisfied: pip in /localscratch/btcrchum.8423704.0/env/lib/python3.11/site-packages (25.2)
Processing /cvmfs/soft.computecanada.ca/custom/python/wheelhouse/generic/pip-25.2+computecanada-py3-none-any.whl
Installing collected packages: pip
  Attempting uninstall: pip
    Found existing installation: pip 25.2
    Uninstalling pip-25.2:
      Successfully uninstalled pip-25.2
Successfully installed pip-25.2+computecanada
Looking in links: /cvmfs/soft.computecanada.ca/custom/python/wheelhouse/gentoo2020/avx512, /cvmfs/soft.computecanada.ca/custom/python/wheelhouse/gentoo/avx512, /cvmfs/soft.computecanada.ca/custom/python/wheelhouse/gentoo2020/avx2, /cvmfs/soft.computecanada.ca/custom/python/wheelhouse/gentoo/avx2, /cvmfs/soft.computecanada.ca/custom/python/wheelhouse/gentoo2020/generic, /cvmfs/soft.computecanada.ca/custom/python/wheelhouse/gentoo/generic, /cvmfs/soft.computecanada.ca/custom/python/wheelhouse/generic
Collecting geographiclib==2.0 (from -r requirements.txt (line 1))
  Using cached geographiclib-2.0-py3-none-any.whl.metadata (1.4 kB)
Collecting geopy==2.4.0 (from -r requirements.txt (line 2))
  Using cached geopy-2.4.0-py3-none-any.whl.metadata (6.8 kB)
Processing /cvmfs/soft.computecanada.ca/custom/python/wheelhouse/generic/greenlet-2.0.2+computecanada-cp311-cp311-linux_x86_64.whl (from -r requirements.txt (line 3))
Requirement already satisfied: numpy==1.25.2+computecanada in /cvmfs/soft.computecanada.ca/easybuild/software/2020/avx512/Core/scipy-stack/2023b/lib/python3.11/site-packages (from -r requirements.txt (line 4)) (1.25.2+computecanada)
Requirement already satisfied: pandas==2.1.0+computecanada in /cvmfs/soft.computecanada.ca/easybuild/software/2020/avx512/Core/scipy-stack/2023b/lib/python3.11/site-packages (from -r requirements.txt (line 5)) (2.1.0+computecanada)
Processing /cvmfs/soft.computecanada.ca/custom/python/wheelhouse/gentoo2020/avx2/llvmlite-0.41.0+computecanada-cp311-cp311-linux_x86_64.whl (from -r requirements.txt (line 6))
Processing /cvmfs/soft.computecanada.ca/custom/python/wheelhouse/gentoo/generic/numba-0.58.0+computecanada-cp311-cp311-linux_x86_64.whl (from -r requirements.txt (line 7))
Processing /cvmfs/soft.computecanada.ca/custom/python/wheelhouse/gentoo2020/avx2/psycopg2-2.9.7+computecanada-cp311-cp311-linux_x86_64.whl (from -r requirements.txt (line 8))
Collecting pyproj==3.6.1 (from -r requirements.txt (line 9))
  Using cached pyproj-3.6.1-cp311-cp311-linux_x86_64.whl
Requirement already satisfied: python-dateutil==2.8.2+computecanada in /cvmfs/soft.computecanada.ca/easybuild/software/2020/avx512/Core/ipykernel/2023b/lib/python3.11/site-packages (from -r requirements.txt (line 10)) (2.8.2+computecanada)
Processing /cvmfs/soft.computecanada.ca/custom/python/wheelhouse/generic/pytz-2023.3.post1+computecanada-py2.py3-none-any.whl (from -r requirements.txt (line 11))
Requirement already satisfied: six==1.16.0+computecanada in /cvmfs/soft.computecanada.ca/easybuild/software/2020/avx512/Core/ipykernel/2023b/lib/python3.11/site-packages (from -r requirements.txt (line 12)) (1.16.0+computecanada)
Collecting resampy==0.4.2 (from -r requirements.txt (line 13))
  Using cached resampy-0.4.2-py3-none-any.whl.metadata (2.8 kB)
Processing /cvmfs/soft.computecanada.ca/custom/python/wheelhouse/generic/SQLAlchemy-2.0.21+computecanada-cp311-cp311-linux_x86_64.whl (from -r requirements.txt (line 14))
Processing /cvmfs/soft.computecanada.ca/custom/python/wheelhouse/generic/tabulate-0.9.0+computecanada-py3-none-any.whl (from -r requirements.txt (line 15))
Requirement already satisfied: typing_extensions==4.7.1+computecanada in /cvmfs/soft.computecanada.ca/easybuild/software/2020/avx512/Core/scipy-stack/2023b/lib/python3.11/site-packages (from -r requirements.txt (line 16)) (4.7.1+computecanada)
Requirement already satisfied: tzdata==2023.3+computecanada in /cvmfs/soft.computecanada.ca/easybuild/software/2020/avx512/Core/scipy-stack/2023b/lib/python3.11/site-packages (from -r requirements.txt (line 17)) (2023.3+computecanada)
Requirement already satisfied: certifi in /cvmfs/soft.computecanada.ca/easybuild/software/2020/avx512/Core/scipy-stack/2023b/lib/python3.11/site-packages (from pyproj==3.6.1->-r requirements.txt (line 9)) (2023.7.22+computecanada)
Using cached geographiclib-2.0-py3-none-any.whl (40 kB)
Using cached geopy-2.4.0-py3-none-any.whl (125 kB)
Using cached resampy-0.4.2-py3-none-any.whl (3.1 MB)
Installing collected packages: pytz, tabulate, pyproj, psycopg2, llvmlite, greenlet, geographiclib, SQLAlchemy, numba, geopy, resampy
  Attempting uninstall: pytz
    Found existing installation: pytz 2023.3+computecanada
    Not uninstalling pytz at /cvmfs/soft.computecanada.ca/easybuild/software/2020/avx512/Core/scipy-stack/2023b/lib/python3.11/site-packages, outside environment /localscratch/btcrchum.8423704.0/env
    Can't uninstall 'pytz'. No files were found to uninstall.

Successfully installed SQLAlchemy-2.0.21+computecanada geographiclib-2.0 geopy-2.4.0 greenlet-2.0.2+computecanada llvmlite-0.41.0+computecanada numba-0.58.0+computecanada psycopg2-2.9.7+computecanada pyproj-3.6.1 pytz-2023.3.post1+computecanada resampy-0.4.2 tabulate-0.9.0+computecanada
mtl, w1 -> 160 cumulative elements
mtl, w2 -> 204 cumulative elements
mtl, w3 -> 257 cumulative elements
mtl, w4 -> 305 cumulative elements
skt, w1 -> 398 cumulative elements
skt, w2 -> 430 cumulative elements
skt, w3 -> 440 cumulative elements
van, w1 -> 589 cumulative elements
van, w2 -> 676 cumulative elements
van, w3 -> 752 cumulative elements
vic, w1 -> 914 cumulative elements
vic, w2 -> 1048 cumulative elements
vic, w3 -> 1138 cumulative elements
vic, w4 -> 1241 cumulative elements
   City  Wave        IID   SD
0   mtl     1  401809034  146
1   skt     1  302061859  391
2   skt     1  302265135  441
3   skt     1  302318839  407
4   skt     1  302330481  399
5   skt     1  302394560  408
6   skt     1  302429590  451
7   skt     1  302431853  369
8   skt     1  302487100  403
9   skt     1  302530348  345
10  skt     1  302531549  466
11  skt     1  302591105  426
12  skt     1  302631120  356
13  skt     1  302631199  420
14  skt     1  302641169  391
15  skt     1  302700417  409
16  skt     1  302756755  373
17  skt     1  302832294  439
18  skt     1  302862878  405
19  van     1  201057630  435
20  van     1  201642869  428
21  van     1  201810690  444
22  vic     1  101214983  122
23  mtl     2  402495712   36
24  van     2  201259654  369
25  van     2  201398316  462
26  van     2  202141573  473
27  mtl     3  403835859  109
28  van     3  201210287  349
29  van     3  202116714  403
30  van     3  202662394  401
31  vic     4  104039365  434

========= 0 | 1 | mtl | 401809034 | 146 ==========
Empty DataFrame
Columns: [interact_id, utcdate, lat, lon, speed, course, mode, fix, alt, mode1, mode2, sat_used, pdop, hdop, vdop, sat_in_view]
Index: []
Empty DataFrame
Columns: [interact_id, utcdate, x, y, z]
Index: []

========= 1 | 1 | skt | 302061859 | 391 ==========
Empty DataFrame
Columns: [interact_id, utcdate, lat, lon, speed, course, mode, fix, alt, mode1, mode2, sat_used, pdop, hdop, vdop, sat_in_view]
Index: []
Empty DataFrame
Columns: [interact_id, utcdate, x, y, z]
Index: []

========= 2 | 1 | skt | 302265135 | 441 ==========
Empty DataFrame
Columns: [interact_id, utcdate, lat, lon, speed, course, mode, fix, alt, mode1, mode2, sat_used, pdop, hdop, vdop, sat_in_view]
Index: []
Empty DataFrame
Columns: [interact_id, utcdate, x, y, z]
Index: []

========= 3 | 1 | skt | 302318839 | 407 ==========
Empty DataFrame
Columns: [interact_id, utcdate, lat, lon, speed, course, mode, fix, alt, mode1, mode2, sat_used, pdop, hdop, vdop, sat_in_view]
Index: []
Empty DataFrame
Columns: [interact_id, utcdate, x, y, z]
Index: []

========= 4 | 1 | skt | 302330481 | 399 ==========
Empty DataFrame
Columns: [interact_id, utcdate, lat, lon, speed, course, mode, fix, alt, mode1, mode2, sat_used, pdop, hdop, vdop, sat_in_view]
Index: []
         interact_id                  utcdate        x        y        z
0          302330481  2019-02-13 20:37:55.000  0.68750  0.39062  0.51953
1          302330481  2019-02-13 20:37:55.020  0.74219  0.41797  0.51172
2          302330481  2019-02-13 20:37:55.040  0.60156  0.35938  0.41406
3          302330481  2019-02-13 20:37:55.060  0.51562  0.51562  0.40625
4          302330481  2019-02-13 20:37:55.080  0.60938  0.59766  0.34375
...              ...                      ...      ...      ...      ...
7670502    302330481  2019-02-15 15:14:02.740 -0.23828 -0.39453 -0.92578
7670503    302330481  2019-02-15 15:14:02.760 -0.23828 -0.39453 -0.92188
7670504    302330481  2019-02-15 15:14:02.780 -0.23828 -0.39062 -0.92578
7670505    302330481  2019-02-15 15:14:02.800 -0.23828 -0.38672 -0.92578
7670506    302330481  2019-02-15 15:14:02.820 -0.23828 -0.39062 -0.92578

[7670507 rows x 5 columns]

========= 5 | 1 | skt | 302394560 | 408 ==========
Empty DataFrame
Columns: [interact_id, utcdate, lat, lon, speed, course, mode, fix, alt, mode1, mode2, sat_used, pdop, hdop, vdop, sat_in_view]
Index: []
     interact_id                  utcdate        x        y        z
0      302394560  2019-02-01 17:48:38.000  0.45703 -0.42969 -0.75000
1      302394560  2019-02-01 17:48:38.020  0.44922 -0.35547 -0.72266
2      302394560  2019-02-01 17:48:38.040  0.48828 -0.28516 -0.70312
3      302394560  2019-02-01 17:48:38.060  0.50781 -0.20703 -0.83594
4      302394560  2019-02-01 17:48:38.080  0.55859  0.00781 -0.82422
..           ...                      ...      ...      ...      ...
324    302394560  2019-02-01 17:48:44.480  0.68750 -0.81641  0.28125
325    302394560  2019-02-01 17:48:44.500  0.77734 -0.49609  0.25391
326    302394560  2019-02-01 17:48:44.520  0.83594 -0.41406  0.28125
327    302394560  2019-02-01 17:48:44.540  0.64453 -0.51562  0.23438
328    302394560  2019-02-01 17:48:44.560  0.58594 -0.66016  0.20703

[329 rows x 5 columns]

========= 6 | 1 | skt | 302429590 | 451 ==========
Empty DataFrame
Columns: [interact_id, utcdate, lat, lon, speed, course, mode, fix, alt, mode1, mode2, sat_used, pdop, hdop, vdop, sat_in_view]
Index: []
    interact_id                  utcdate        x        y        z
0     302429590  2018-10-02 17:44:42.000 -0.25000 -0.67969  0.44141
1     302429590  2018-10-02 17:44:42.020 -0.25000 -0.63672  0.51562
2     302429590  2018-10-02 17:44:42.040 -0.16797 -0.52734  0.53125
3     302429590  2018-10-02 17:44:42.060 -0.11719 -0.57422  0.53906
4     302429590  2018-10-02 17:44:42.080 -0.09766 -0.70703  0.47266
5     302429590  2018-10-02 17:44:42.100 -0.05078 -0.84766  0.35547
6     302429590  2018-10-02 17:44:42.120  0.08203 -0.87500  0.33203
7     302429590  2018-10-02 17:44:42.140  0.18750 -0.91406  0.35938
8     302429590  2018-10-02 17:44:42.160  0.23438 -0.93359  0.40234
9     302429590  2018-10-02 17:44:42.180  0.30078 -0.90234  0.38672
10    302429590  2018-10-02 17:44:42.200  0.36719 -0.80859  0.48828
11    302429590  2018-10-02 17:44:42.220  0.33203 -0.73828  0.53516
12    302429590  2018-10-02 17:44:42.240  0.27734 -0.76953  0.44531
13    302429590  2018-10-02 17:44:42.260  0.30078 -0.79688  0.33203
14    302429590  2018-10-02 17:44:42.280  0.46875 -0.92578  0.13672
15    302429590  2018-10-02 17:44:42.300  0.61719 -1.16797  0.09375
16    302429590  2018-10-02 17:44:42.320  0.70703 -1.25391  0.13281
17    302429590  2018-10-02 17:44:42.340  0.70703 -0.91406  0.10156
18    302429590  2018-10-02 17:44:42.360  0.57422 -0.70312  0.11328
19    302429590  2018-10-02 17:44:42.380  0.59766 -0.88281 -0.06641
20    302429590  2018-10-02 17:44:42.400  0.78125 -1.65234 -0.08984
21    302429590  2018-10-02 17:44:42.420  0.73438 -1.39453 -0.22656
22    302429590  2018-10-02 17:44:42.440  0.60156 -1.12891 -0.07812
23    302429590  2018-10-02 17:44:42.460  0.67188 -1.17578 -0.15625
24    302429590  2018-10-02 17:44:42.480  0.70703 -1.09375 -0.17969
25    302429590  2018-10-02 17:44:42.500  0.84375 -1.11719 -0.22656
26    302429590  2018-10-02 17:44:42.520  0.79688 -1.35547 -0.36719
27    302429590  2018-10-02 17:44:42.540  0.79688 -1.49219 -0.53125
28    302429590  2018-10-02 17:44:42.560  0.74219 -1.45312 -0.55078
29    302429590  2018-10-02 17:44:42.580  0.77344 -1.28516 -0.47266
30    302429590  2018-10-02 17:44:42.600  0.73828 -1.12500 -0.31641
31    302429590  2018-10-02 17:44:42.620  0.67578 -0.94922 -0.22266

========= 7 | 1 | skt | 302431853 | 369 ==========
Empty DataFrame
Columns: [interact_id, utcdate, lat, lon, speed, course, mode, fix, alt, mode1, mode2, sat_used, pdop, hdop, vdop, sat_in_view]
Index: []
Empty DataFrame
Columns: [interact_id, utcdate, x, y, z]
Index: []

========= 8 | 1 | skt | 302487100 | 403 ==========
Empty DataFrame
Columns: [interact_id, utcdate, lat, lon, speed, course, mode, fix, alt, mode1, mode2, sat_used, pdop, hdop, vdop, sat_in_view]
Index: []
Empty DataFrame
Columns: [interact_id, utcdate, x, y, z]
Index: []

========= 9 | 1 | skt | 302530348 | 345 ==========
Empty DataFrame
Columns: [interact_id, utcdate, lat, lon, speed, course, mode, fix, alt, mode1, mode2, sat_used, pdop, hdop, vdop, sat_in_view]
Index: []
Empty DataFrame
Columns: [interact_id, utcdate, x, y, z]
Index: []

========= 10 | 1 | skt | 302531549 | 466 =========
Empty DataFrame
Columns: [interact_id, utcdate, lat, lon, speed, course, mode, fix, alt, mode1, mode2, sat_used, pdop, hdop, vdop, sat_in_view]
Index: []
Empty DataFrame
Columns: [interact_id, utcdate, x, y, z]
Index: []

========= 11 | 1 | skt | 302591105 | 426 =========
Empty DataFrame
Columns: [interact_id, utcdate, lat, lon, speed, course, mode, fix, alt, mode1, mode2, sat_used, pdop, hdop, vdop, sat_in_view]
Index: []
Empty DataFrame
Columns: [interact_id, utcdate, x, y, z]
Index: []

========= 12 | 1 | skt | 302631120 | 356 =========
Empty DataFrame
Columns: [interact_id, utcdate, lat, lon, speed, course, mode, fix, alt, mode1, mode2, sat_used, pdop, hdop, vdop, sat_in_view]
Index: []
Empty DataFrame
Columns: [interact_id, utcdate, x, y, z]
Index: []

========= 13 | 1 | skt | 302631199 | 420 =========
Empty DataFrame
Columns: [interact_id, utcdate, lat, lon, speed, course, mode, fix, alt, mode1, mode2, sat_used, pdop, hdop, vdop, sat_in_view]
Index: []
Empty DataFrame
Columns: [interact_id, utcdate, x, y, z]
Index: []

========= 14 | 1 | skt | 302641169 | 391 =========
Empty DataFrame
Columns: [interact_id, utcdate, lat, lon, speed, course, mode, fix, alt, mode1, mode2, sat_used, pdop, hdop, vdop, sat_in_view]
Index: []
Empty DataFrame
Columns: [interact_id, utcdate, x, y, z]
Index: []

========= 15 | 1 | skt | 302700417 | 409 =========
Empty DataFrame
Columns: [interact_id, utcdate, lat, lon, speed, course, mode, fix, alt, mode1, mode2, sat_used, pdop, hdop, vdop, sat_in_view]
Index: []
Empty DataFrame
Columns: [interact_id, utcdate, x, y, z]
Index: []

========= 16 | 1 | skt | 302756755 | 373 =========
Empty DataFrame
Columns: [interact_id, utcdate, lat, lon, speed, course, mode, fix, alt, mode1, mode2, sat_used, pdop, hdop, vdop, sat_in_view]
Index: []
Empty DataFrame
Columns: [interact_id, utcdate, x, y, z]
Index: []

========= 17 | 1 | skt | 302832294 | 439 =========
Empty DataFrame
Columns: [interact_id, utcdate, lat, lon, speed, course, mode, fix, alt, mode1, mode2, sat_used, pdop, hdop, vdop, sat_in_view]
Index: []
         interact_id                  utcdate        x        y        z
0          302832294  2019-05-03 00:26:13.000 -0.85156 -0.54297 -0.24609
1          302832294  2019-05-03 00:26:13.020 -0.84766 -0.53516 -0.28125
2          302832294  2019-05-03 00:26:13.040 -0.86328 -0.53516 -0.28906
3          302832294  2019-05-03 00:26:13.060 -0.84375 -0.52344 -0.30078
4          302832294  2019-05-03 00:26:13.080 -0.80078 -0.49609 -0.31250
...              ...                      ...      ...      ...      ...
2363584    302832294  2019-05-05 20:47:37.620 -0.25781 -0.26172 -0.89453
2363585    302832294  2019-05-05 20:47:37.640 -0.25000 -0.26953 -0.89844
2363586    302832294  2019-05-05 20:47:37.660 -0.25391 -0.26562 -0.89453
2363587    302832294  2019-05-05 20:47:37.680 -0.25391 -0.26953 -0.89062
2363588    302832294  2019-05-05 20:47:37.700 -0.25781 -0.26172 -0.90234

[2363589 rows x 5 columns]

========= 18 | 1 | skt | 302862878 | 405 =========
Empty DataFrame
Columns: [interact_id, utcdate, lat, lon, speed, course, mode, fix, alt, mode1, mode2, sat_used, pdop, hdop, vdop, sat_in_view]
Index: []
Empty DataFrame
Columns: [interact_id, utcdate, x, y, z]
Index: []

========= 19 | 1 | van | 201057630 | 435 =========
       interact_id              utcdate        lat  ...  hdop  vdop  sat_in_view
0        201057630  2018-06-01 16:20:00  49.233500  ...   4.5   5.5         12.0
1        201057630  2018-06-01 16:20:01  49.233548  ...   2.8   2.4         12.0
2        201057630  2018-06-01 16:20:02  49.233555  ...   2.8   2.4         12.0
3        201057630  2018-06-01 16:20:03  49.233558  ...   2.8   2.4         12.0
4        201057630  2018-06-01 16:20:04  49.233563  ...   2.8   2.4         12.0
...            ...                  ...        ...  ...   ...   ...          ...
55195    201057630  2018-06-10 01:19:24  49.267012  ...   9.9  11.0         12.0
55196    201057630  2018-06-10 01:19:25  49.267012  ...   1.2   2.0         12.0
55197    201057630  2018-06-10 01:19:26  49.267012  ...   1.1   1.7         12.0
55198    201057630  2018-06-10 01:19:27  49.267018  ...   1.2   1.7         12.0
55199    201057630  2018-06-10 01:19:28  49.267052  ...   1.2   1.7         12.0

[55200 rows x 16 columns]
Unable to read AXL file ([Errno 2] No such file or directory: '/home/btcrchum/projects/def-dfuller/interact/data_archive/vancouver/wave_01/sensedoc_elite_files/201057630_435_AXL.csv')

========= 20 | 1 | van | 201642869 | 428 =========
Empty DataFrame
Columns: [interact_id, utcdate, lat, lon, speed, course, mode, fix, alt, mode1, mode2, sat_used, pdop, hdop, vdop, sat_in_view]
Index: []
Empty DataFrame
Columns: [interact_id, utcdate, x, y, z]
Index: []

========= 21 | 1 | van | 201810690 | 444 =========
Empty DataFrame
Columns: [interact_id, utcdate, lat, lon, speed, course, mode, fix, alt, mode1, mode2, sat_used, pdop, hdop, vdop, sat_in_view]
Index: []
      interact_id                  utcdate        x        y        z
0       201810690  2018-11-09 20:15:54.000  0.05469  0.07031 -0.96484
1       201810690  2018-11-09 20:15:54.020  0.07812  0.05859 -0.96094
2       201810690  2018-11-09 20:15:54.040  0.07031  0.01953 -0.96875
3       201810690  2018-11-09 20:15:54.060  0.10547  0.03516 -0.93750
4       201810690  2018-11-09 20:15:54.080  0.07031  0.04297 -0.96484
...           ...                      ...      ...      ...      ...
9299    201810690  2018-11-09 20:18:59.980  1.00781 -0.19141  0.04297
9300    201810690  2018-11-09 20:19:00.000  0.99219 -0.17578  0.03516
9301    201810690  2018-11-09 20:19:00.020  0.99219 -0.19531  0.00391
9302    201810690  2018-11-09 20:19:00.040  0.99219 -0.25000  0.00000
9303    201810690  2018-11-09 20:19:00.060  0.96484 -0.21484 -0.01562

[9304 rows x 5 columns]

========= 22 | 1 | vic | 101214983 | 122 =========
Empty DataFrame
Columns: [interact_id, utcdate, lat, lon, speed, course, mode, fix, alt, mode1, mode2, sat_used, pdop, hdop, vdop, sat_in_view]
Index: []
Empty DataFrame
Columns: [interact_id, utcdate, x, y, z]
Index: []

========= 23 | 2 | mtl | 402495712 | 36 ==========
Empty DataFrame
Columns: [interact_id, utcdate, lat, lon, speed, course, mode, fix, alt, mode1, mode2, sat_used, pdop, hdop, vdop, sat_in_view]
Index: []
Empty DataFrame
Columns: [interact_id, utcdate, x, y, z]
Index: []

========= 24 | 2 | van | 201259654 | 369 =========
Empty DataFrame
Columns: [interact_id, utcdate, lat, lon, speed, course, mode, fix, alt, mode1, mode2, sat_used, pdop, hdop, vdop, sat_in_view]
Index: []
Empty DataFrame
Columns: [interact_id, utcdate, x, y, z]
Index: []

========= 25 | 2 | van | 201398316 | 462 =========
Empty DataFrame
Columns: [interact_id, utcdate, lat, lon, speed, course, mode, fix, alt, mode1, mode2, sat_used, pdop, hdop, vdop, sat_in_view]
Index: []
Empty DataFrame
Columns: [interact_id, utcdate, x, y, z]
Index: []

========= 26 | 2 | van | 202141573 | 473 =========
Empty DataFrame
Columns: [interact_id, utcdate, lat, lon, speed, course, mode, fix, alt, mode1, mode2, sat_used, pdop, hdop, vdop, sat_in_view]
Index: []
Empty DataFrame
Columns: [interact_id, utcdate, x, y, z]
Index: []

========= 27 | 3 | mtl | 403835859 | 109 =========
        interact_id              utcdate        lat  ...  hdop  vdop  sat_in_view
0         403835859  2022-10-27 20:12:01  45.429758  ...   NaN   NaN          NaN
1         403835859  2022-10-27 20:12:02  45.429693  ...   NaN   NaN          NaN
2         403835859  2022-10-27 20:12:03  45.429640  ...   NaN   NaN          NaN
3         403835859  2022-10-27 20:12:04  45.429585  ...   NaN   NaN          NaN
4         403835859  2022-10-27 20:12:05  45.429533  ...   0.9   1.1         11.0
...             ...                  ...        ...  ...   ...   ...          ...
153937    403835859  2022-11-05 23:38:08  45.429845  ...   NaN   NaN          NaN
153938    403835859  2022-11-05 23:38:09  45.429848  ...   NaN   NaN          NaN
153939    403835859  2022-11-05 23:38:10  45.429843  ...   1.1   2.4         12.0
153940    403835859  2022-11-05 23:38:11  45.429842  ...   NaN   NaN          NaN
153941    403835859  2022-11-05 23:38:12  45.429842  ...   NaN   NaN          NaN

[153942 rows x 16 columns]
Empty DataFrame
Columns: [interact_id, utcdate, x, y, z]
Index: []

========= 28 | 3 | van | 201210287 | 349 =========
Empty DataFrame
Columns: [interact_id, utcdate, lat, lon, speed, course, mode, fix, alt, mode1, mode2, sat_used, pdop, hdop, vdop, sat_in_view]
Index: []
Empty DataFrame
Columns: [interact_id, utcdate, x, y, z]
Index: []

========= 29 | 3 | van | 202116714 | 403 =========
Empty DataFrame
Columns: [interact_id, utcdate, lat, lon, speed, course, mode, fix, alt, mode1, mode2, sat_used, pdop, hdop, vdop, sat_in_view]
Index: []
Empty DataFrame
Columns: [interact_id, utcdate, x, y, z]
Index: []

========= 30 | 3 | van | 202662394 | 401 =========
Empty DataFrame
Columns: [interact_id, utcdate, lat, lon, speed, course, mode, fix, alt, mode1, mode2, sat_used, pdop, hdop, vdop, sat_in_view]
Index: []
Empty DataFrame
Columns: [interact_id, utcdate, x, y, z]
Index: []

========= 31 | 4 | vic | 104039365 | 434 =========
Empty DataFrame
Columns: [interact_id, utcdate, lat, lon, speed, course, mode, fix, alt, mode1, mode2, sat_used, pdop, hdop, vdop, sat_in_view]
Index: []
Empty DataFrame
Columns: [interact_id, utcdate, x, y, z]
Index: []
